<?xml version="1.0" encoding="UTF-8"?>
<testsuite name="duedate.HashTrieMapTests" tests="2" skipped="0" failures="0" errors="0" timestamp="2023-10-15T01:26:36" hostname="ShengyuedeMacBook-Air.local" time="0.091">
  <properties/>
  <testcase name="test_addFindFindPrefix_fewWords_correct()" classname="duedate.HashTrieMapTests" time="0.083"/>
  <testcase name="test_delete_fewWords_correct()" classname="duedate.HashTrieMapTests" time="0.007"/>
  <system-out><![CDATA[]]></system-out>
  <system-err><![CDATA[]]></system-err>
</testsuite>
